/home/ac.xwang/install/codes-storage-server/bin/client-mul-wklds --sync=1 --workload-conf-file=/home/ac.xwang/workspace/union+/conf/workload/checkpoint.conf --rank-alloc-file=/home/ac.xwang/workspace/union+/conf/alloc/rand_node0-1d-1056-300p2.conf --codes-config=/home/ac.xwang/workspace/union+/conf/network/dally-1056-par.conf --lp-io-dir=rand_node0-par-checkpoint --lp-io-use-suffix=1 

Thu Aug 10 09:12:45 2023

ROSS Version: v8.0.0-dirty

tw_net_start: Found world size to be 1 

300 instances of workload conceptual-checkpoint 
NIC num injection port not specified, setting to 1
NIC seq delay not specified, setting to 10.000000
NIC num copy queues not specified, setting to 1
Dragonfly rail selection is 3
within node transfer per byte delay is 0.062500

Number of clients per server 15
My checkpoint sz 3333.333333 MiB
ROSS Core Configuration: 
	Total PEs                                                    1
	Total KPs                                          [Nodes (1) x KPs (16)] 16
	Total LPs                                                 2543
	Simulation End Time                                31536000000000000.00
	LP-to-PE Mapping                                   model defined


ROSS Event Memory Allocation:
	Model events                                            651009
	Network events                                              16
	Total events                                            651024


appid=0 rank=87(300) cli_rel_id=2
appid=0 rank=97(300) cli_rel_id=3
appid=0 rank=289(300) cli_rel_id=4
appid=0 rank=55(300) cli_rel_id=7
appid=0 rank=225(300) cli_rel_id=8
appid=0 rank=99(300) cli_rel_id=11
appid=0 rank=167(300) cli_rel_id=15
appid=0 rank=239(300) cli_rel_id=19
appid=0 rank=226(300) cli_rel_id=21
appid=0 rank=170(300) cli_rel_id=22
appid=0 rank=266(300) cli_rel_id=23
appid=0 rank=187(300) cli_rel_id=30
appid=0 rank=102(300) cli_rel_id=31
appid=0 rank=290(300) cli_rel_id=36
appid=0 rank=68(300) cli_rel_id=37
appid=0 rank=293(300) cli_rel_id=39
appid=0 rank=112(300) cli_rel_id=40
appid=0 rank=81(300) cli_rel_id=42
appid=0 rank=230(300) cli_rel_id=44
appid=0 rank=21(300) cli_rel_id=45
appid=0 rank=118(300) cli_rel_id=47
appid=0 rank=164(300) cli_rel_id=48
appid=0 rank=78(300) cli_rel_id=49
appid=0 rank=292(300) cli_rel_id=50
appid=0 rank=153(300) cli_rel_id=56
appid=0 rank=185(300) cli_rel_id=61
appid=0 rank=17(300) cli_rel_id=64
appid=0 rank=269(300) cli_rel_id=67
appid=0 rank=168(300) cli_rel_id=70
appid=0 rank=82(300) cli_rel_id=71
appid=0 rank=175(300) cli_rel_id=72
appid=0 rank=91(300) cli_rel_id=80
appid=0 rank=92(300) cli_rel_id=81
appid=0 rank=263(300) cli_rel_id=82
appid=0 rank=140(300) cli_rel_id=83
appid=0 rank=259(300) cli_rel_id=84
appid=0 rank=196(300) cli_rel_id=90
appid=0 rank=36(300) cli_rel_id=98
appid=0 rank=208(300) cli_rel_id=104
appid=0 rank=38(300) cli_rel_id=108
appid=0 rank=74(300) cli_rel_id=109
appid=0 rank=262(300) cli_rel_id=111
appid=0 rank=62(300) cli_rel_id=114
appid=0 rank=267(300) cli_rel_id=117
appid=0 rank=227(300) cli_rel_id=118
appid=0 rank=244(300) cli_rel_id=119
appid=0 rank=264(300) cli_rel_id=121
appid=0 rank=194(300) cli_rel_id=125
appid=0 rank=27(300) cli_rel_id=130
appid=0 rank=80(300) cli_rel_id=131
appid=0 rank=76(300) cli_rel_id=136
appid=0 rank=237(300) cli_rel_id=138
appid=0 rank=184(300) cli_rel_id=139
appid=0 rank=25(300) cli_rel_id=140
appid=0 rank=28(300) cli_rel_id=146
appid=0 rank=48(300) cli_rel_id=147
appid=0 rank=279(300) cli_rel_id=151
appid=0 rank=154(300) cli_rel_id=153
appid=0 rank=35(300) cli_rel_id=158
appid=0 rank=162(300) cli_rel_id=160
appid=0 rank=9(300) cli_rel_id=169
appid=0 rank=113(300) cli_rel_id=172
appid=0 rank=223(300) cli_rel_id=173
appid=0 rank=120(300) cli_rel_id=176
appid=0 rank=250(300) cli_rel_id=177
appid=0 rank=117(300) cli_rel_id=178
appid=0 rank=243(300) cli_rel_id=185
appid=0 rank=173(300) cli_rel_id=194
appid=0 rank=202(300) cli_rel_id=195
appid=0 rank=189(300) cli_rel_id=199
appid=0 rank=180(300) cli_rel_id=200
appid=0 rank=276(300) cli_rel_id=206
appid=0 rank=5(300) cli_rel_id=207
appid=0 rank=156(300) cli_rel_id=213
appid=0 rank=7(300) cli_rel_id=217
appid=0 rank=15(300) cli_rel_id=220
appid=0 rank=255(300) cli_rel_id=225
appid=0 rank=2(300) cli_rel_id=230
appid=0 rank=288(300) cli_rel_id=231
appid=0 rank=179(300) cli_rel_id=236
appid=0 rank=11(300) cli_rel_id=239
appid=0 rank=204(300) cli_rel_id=243
appid=0 rank=282(300) cli_rel_id=246
appid=0 rank=277(300) cli_rel_id=249
appid=0 rank=195(300) cli_rel_id=251
appid=0 rank=163(300) cli_rel_id=254
appid=0 rank=271(300) cli_rel_id=258
appid=0 rank=50(300) cli_rel_id=260
appid=0 rank=249(300) cli_rel_id=274
appid=0 rank=157(300) cli_rel_id=279
appid=0 rank=107(300) cli_rel_id=280
appid=0 rank=151(300) cli_rel_id=281
appid=0 rank=128(300) cli_rel_id=285
appid=0 rank=285(300) cli_rel_id=286
appid=0 rank=103(300) cli_rel_id=291
appid=0 rank=165(300) cli_rel_id=293
appid=0 rank=110(300) cli_rel_id=301
appid=0 rank=206(300) cli_rel_id=303
appid=0 rank=287(300) cli_rel_id=305
appid=0 rank=260(300) cli_rel_id=306
appid=0 rank=152(300) cli_rel_id=309
appid=0 rank=186(300) cli_rel_id=312
appid=0 rank=111(300) cli_rel_id=318
appid=0 rank=176(300) cli_rel_id=321
appid=0 rank=95(300) cli_rel_id=324
appid=0 rank=198(300) cli_rel_id=327
appid=0 rank=122(300) cli_rel_id=329
appid=0 rank=137(300) cli_rel_id=331
appid=0 rank=245(300) cli_rel_id=332
appid=0 rank=64(300) cli_rel_id=345
appid=0 rank=141(300) cli_rel_id=347
appid=0 rank=124(300) cli_rel_id=348
appid=0 rank=73(300) cli_rel_id=350
appid=0 rank=93(300) cli_rel_id=352
appid=0 rank=160(300) cli_rel_id=357
appid=0 rank=147(300) cli_rel_id=358
appid=0 rank=143(300) cli_rel_id=359
appid=0 rank=89(300) cli_rel_id=365
appid=0 rank=37(300) cli_rel_id=370
appid=0 rank=105(300) cli_rel_id=373
appid=0 rank=123(300) cli_rel_id=376
appid=0 rank=49(300) cli_rel_id=378
appid=0 rank=210(300) cli_rel_id=381
appid=0 rank=233(300) cli_rel_id=383
appid=0 rank=270(300) cli_rel_id=386
appid=0 rank=13(300) cli_rel_id=387
appid=0 rank=212(300) cli_rel_id=388
appid=0 rank=24(300) cli_rel_id=391
appid=0 rank=54(300) cli_rel_id=394
appid=0 rank=283(300) cli_rel_id=396
appid=0 rank=203(300) cli_rel_id=398
appid=0 rank=199(300) cli_rel_id=399
appid=0 rank=6(300) cli_rel_id=400
appid=0 rank=273(300) cli_rel_id=402
appid=0 rank=158(300) cli_rel_id=404
appid=0 rank=129(300) cli_rel_id=406
appid=0 rank=34(300) cli_rel_id=411
appid=0 rank=71(300) cli_rel_id=416
appid=0 rank=205(300) cli_rel_id=417
appid=0 rank=88(300) cli_rel_id=418
appid=0 rank=236(300) cli_rel_id=421
appid=0 rank=232(300) cli_rel_id=430
appid=0 rank=77(300) cli_rel_id=432
appid=0 rank=10(300) cli_rel_id=438
appid=0 rank=135(300) cli_rel_id=439
appid=0 rank=104(300) cli_rel_id=445
appid=0 rank=45(300) cli_rel_id=454
appid=0 rank=209(300) cli_rel_id=461
appid=0 rank=191(300) cli_rel_id=463
appid=0 rank=217(300) cli_rel_id=466
appid=0 rank=47(300) cli_rel_id=469
appid=0 rank=108(300) cli_rel_id=471
appid=0 rank=3(300) cli_rel_id=474
appid=0 rank=116(300) cli_rel_id=479
appid=0 rank=253(300) cli_rel_id=486
appid=0 rank=241(300) cli_rel_id=487
appid=0 rank=40(300) cli_rel_id=488
appid=0 rank=136(300) cli_rel_id=489
appid=0 rank=52(300) cli_rel_id=490
appid=0 rank=26(300) cli_rel_id=495
appid=0 rank=32(300) cli_rel_id=500
appid=0 rank=121(300) cli_rel_id=501
appid=0 rank=138(300) cli_rel_id=502
appid=0 rank=219(300) cli_rel_id=503
appid=0 rank=251(300) cli_rel_id=506
appid=0 rank=59(300) cli_rel_id=508
appid=0 rank=75(300) cli_rel_id=509
appid=0 rank=130(300) cli_rel_id=512
appid=0 rank=0(300) cli_rel_id=515
appid=0 rank=272(300) cli_rel_id=517
appid=0 rank=29(300) cli_rel_id=518
appid=0 rank=72(300) cli_rel_id=529
appid=0 rank=299(300) cli_rel_id=536
appid=0 rank=98(300) cli_rel_id=537
appid=0 rank=133(300) cli_rel_id=539
appid=0 rank=1(300) cli_rel_id=542
appid=0 rank=257(300) cli_rel_id=548
appid=0 rank=258(300) cli_rel_id=552
appid=0 rank=159(300) cli_rel_id=555
appid=0 rank=222(300) cli_rel_id=559
appid=0 rank=256(300) cli_rel_id=563
appid=0 rank=155(300) cli_rel_id=572
appid=0 rank=280(300) cli_rel_id=574
appid=0 rank=66(300) cli_rel_id=578
appid=0 rank=295(300) cli_rel_id=580
appid=0 rank=188(300) cli_rel_id=583
appid=0 rank=90(300) cli_rel_id=586
appid=0 rank=4(300) cli_rel_id=588
appid=0 rank=275(300) cli_rel_id=590
appid=0 rank=224(300) cli_rel_id=591
appid=0 rank=125(300) cli_rel_id=593
appid=0 rank=161(300) cli_rel_id=598
appid=0 rank=83(300) cli_rel_id=603
appid=0 rank=172(300) cli_rel_id=604
appid=0 rank=166(300) cli_rel_id=608
appid=0 rank=23(300) cli_rel_id=609
appid=0 rank=46(300) cli_rel_id=617
appid=0 rank=190(300) cli_rel_id=618
appid=0 rank=171(300) cli_rel_id=620
appid=0 rank=53(300) cli_rel_id=626
appid=0 rank=145(300) cli_rel_id=627
appid=0 rank=261(300) cli_rel_id=628
appid=0 rank=284(300) cli_rel_id=636
appid=0 rank=148(300) cli_rel_id=638
appid=0 rank=67(300) cli_rel_id=640
appid=0 rank=94(300) cli_rel_id=644
appid=0 rank=240(300) cli_rel_id=649
appid=0 rank=182(300) cli_rel_id=650
appid=0 rank=109(300) cli_rel_id=651
appid=0 rank=96(300) cli_rel_id=653
appid=0 rank=30(300) cli_rel_id=654
appid=0 rank=200(300) cli_rel_id=655
appid=0 rank=61(300) cli_rel_id=657
appid=0 rank=242(300) cli_rel_id=659
appid=0 rank=286(300) cli_rel_id=663
appid=0 rank=177(300) cli_rel_id=668
appid=0 rank=100(300) cli_rel_id=676
appid=0 rank=281(300) cli_rel_id=677
appid=0 rank=229(300) cli_rel_id=678
appid=0 rank=252(300) cli_rel_id=679
appid=0 rank=150(300) cli_rel_id=680
appid=0 rank=42(300) cli_rel_id=683
appid=0 rank=119(300) cli_rel_id=685
appid=0 rank=248(300) cli_rel_id=686
appid=0 rank=247(300) cli_rel_id=696
appid=0 rank=234(300) cli_rel_id=699
appid=0 rank=8(300) cli_rel_id=701
appid=0 rank=201(300) cli_rel_id=702
appid=0 rank=63(300) cli_rel_id=705
appid=0 rank=183(300) cli_rel_id=706
appid=0 rank=215(300) cli_rel_id=707
appid=0 rank=178(300) cli_rel_id=717
appid=0 rank=106(300) cli_rel_id=718
appid=0 rank=127(300) cli_rel_id=728
appid=0 rank=85(300) cli_rel_id=730
appid=0 rank=218(300) cli_rel_id=734
appid=0 rank=142(300) cli_rel_id=735
appid=0 rank=214(300) cli_rel_id=739
appid=0 rank=65(300) cli_rel_id=741
appid=0 rank=291(300) cli_rel_id=742
appid=0 rank=44(300) cli_rel_id=750
appid=0 rank=131(300) cli_rel_id=752
appid=0 rank=144(300) cli_rel_id=753
appid=0 rank=58(300) cli_rel_id=755
appid=0 rank=134(300) cli_rel_id=762
appid=0 rank=221(300) cli_rel_id=765
appid=0 rank=43(300) cli_rel_id=766
appid=0 rank=181(300) cli_rel_id=767
appid=0 rank=149(300) cli_rel_id=768
appid=0 rank=86(300) cli_rel_id=772
appid=0 rank=57(300) cli_rel_id=774
appid=0 rank=101(300) cli_rel_id=775
appid=0 rank=33(300) cli_rel_id=776
appid=0 rank=278(300) cli_rel_id=779
appid=0 rank=14(300) cli_rel_id=780
appid=0 rank=274(300) cli_rel_id=781
appid=0 rank=228(300) cli_rel_id=782
appid=0 rank=115(300) cli_rel_id=783
appid=0 rank=235(300) cli_rel_id=786
appid=0 rank=231(300) cli_rel_id=787
appid=0 rank=12(300) cli_rel_id=795
appid=0 rank=51(300) cli_rel_id=797
appid=0 rank=41(300) cli_rel_id=798
appid=0 rank=114(300) cli_rel_id=806
appid=0 rank=246(300) cli_rel_id=809
appid=0 rank=296(300) cli_rel_id=814
appid=0 rank=297(300) cli_rel_id=819
appid=0 rank=216(300) cli_rel_id=822
appid=0 rank=20(300) cli_rel_id=825
appid=0 rank=31(300) cli_rel_id=826
appid=0 rank=211(300) cli_rel_id=827
appid=0 rank=18(300) cli_rel_id=828
appid=0 rank=16(300) cli_rel_id=833
appid=0 rank=79(300) cli_rel_id=837
appid=0 rank=126(300) cli_rel_id=843
appid=0 rank=298(300) cli_rel_id=844
appid=0 rank=207(300) cli_rel_id=846
appid=0 rank=70(300) cli_rel_id=847
appid=0 rank=294(300) cli_rel_id=848
appid=0 rank=39(300) cli_rel_id=850
appid=0 rank=19(300) cli_rel_id=851
appid=0 rank=192(300) cli_rel_id=858
appid=0 rank=197(300) cli_rel_id=859
appid=0 rank=139(300) cli_rel_id=862
appid=0 rank=220(300) cli_rel_id=863
appid=0 rank=56(300) cli_rel_id=869
appid=0 rank=213(300) cli_rel_id=875
appid=0 rank=265(300) cli_rel_id=876
appid=0 rank=60(300) cli_rel_id=879
appid=0 rank=268(300) cli_rel_id=882
appid=0 rank=22(300) cli_rel_id=883
appid=0 rank=169(300) cli_rel_id=884
appid=0 rank=69(300) cli_rel_id=885
appid=0 rank=238(300) cli_rel_id=886
appid=0 rank=146(300) cli_rel_id=888
appid=0 rank=174(300) cli_rel_id=889
appid=0 rank=193(300) cli_rel_id=893
appid=0 rank=132(300) cli_rel_id=895
appid=0 rank=84(300) cli_rel_id=896
appid=0 rank=254(300) cli_rel_id=897*** START SEQUENTIAL SIMULATION ***

Set num_servers per router 30, servers per injection queue per router 30, servers per node copy queue per node 1, num nics 32

Checkpoint: Completed 1 iterations for size 166666666, interval 100000000 ns
*** END SIMULATION ***


 Job -1 Rank -1 Outputing log files
	: Running Time = 309.4947 seconds

TW Library Statistics:
	Total Events Processed                               144057806
	Events Aborted (part of RBs)                                 0
	Events Rolled Back                                           0
	Event Ties Detected in PE Queues                             0
	Efficiency                                              100.00 %
	Total Remote (shared mem) Events Processed                   0
	Percent Remote Events                                     0.00 %
	Total Remote (network) Events Processed                      0
	Percent Remote Events                                     0.00 %

	Total Roll Backs                                             0
	Primary Roll Backs                                           0
	Secondary Roll Backs                                         0
	Fossil Collect Attempts                                      0
	Total GVT Computations                                       0

	Net Events Processed                                 144057806
	Event Rate (events/sec)                               465461.3
	Total Events Scheduled Past End Time                         0

TW Memory Statistics:
	Events Allocated                                        651025
	Memory Allocated                                       1181209
	Memory Wasted                                              343

TW Data Structure sizes in bytes (sizeof):
	PE struct                                                 3888
	KP struct                                                  960
	LP struct                                                  960
	LP Model struct                                             96
	LP RNGs                                                     80
	Total LP                                                  1136
	Event struct                                               976
	Event struct with Model                                   1848

TW Clock Cycle Statistics (MAX values in secs at 1.0000 GHz):
	Initialization                                          3.4551
	Priority Queue (enq/deq)                               32.0759
	AVL Tree (insert/delete)                                0.0000
	LZ4 (de)compression                                     0.0000
	Buddy system                                            0.0000
	Event Processing                                        0.0000
	Event Cancel                                            0.0000
	Event Abort                                             0.0000

	GVT                                                     0.0000
	Fossil Collect                                          0.0000
	Primary Rollbacks                                       0.0000
	Network Read                                            0.0000
	Other Network                                           0.0000
	Instrumentation (computation)                           0.0000
	Instrumentation (write)                                 0.0000
	Total Time (Note: Using Running Time above for Speedup)    648.4384

TW GVT Statistics: MPI AllReduce
	GVT Interval                                                16
	GVT Real Time Interval (cycles)                    0
	GVT Real Time Interval (sec)                        0.00000000
	Batch Size                                                  16

	Forced GVT                                                   0
	Total GVT Computations                                       0
	Total All Reduce Calls                                       0
	Average Reduction / GVT                                   -nan

 Maximum time spent by compute nodes 3903588862.521214 Maximum time spent in write operations 3803588860.176144
 Avg time spent by compute nodes 3888791770.291962 Avg time spent in write operations 2057943256.708680

 Synthetic traffic stats: data received per proc -nan 
 ----------

 Total bytes sent 0 recvd 0 
 max runtime 3903588861.776066 ns avg runtime 2157943258.220525 
 max comm time 3803588861.776066 avg comm time 2057943258.220525 
 max send time 0.000000 avg send time 0.000000 
 max recv time 0.000000 avg recv time 0.000000 
 max wait time 0.000000 avg wait time 0.000000 

 ----------
 Per App Max Elapsed Times:
	App 0: 3903588861.7761

 ----------
LP-IO: writing output to rand_node0-par-checkpoint-11039-1691676766/
LP-IO: data files:
   rand_node0-par-checkpoint-11039-1691676766/es-stats
   rand_node0-par-checkpoint-11039-1691676766/model-net-category-codes-store
   rand_node0-par-checkpoint-11039-1691676766/dragonfly-cn-stats
   rand_node0-par-checkpoint-11039-1691676766/dragonfly-link-stats
   rand_node0-par-checkpoint-11039-1691676766/model-net-category-all
   rand_node0-par-checkpoint-11039-1691676766/checkpoint-client-stats
   rand_node0-par-checkpoint-11039-1691676766/mpi-replay-stats
   rand_node0-par-checkpoint-11039-1691676766/resource
   rand_node0-par-checkpoint-11039-1691676766/lsm-category-all
   rand_node0-par-checkpoint-11039-1691676766/lsm-category-codes-store
   rand_node0-par-checkpoint-11039-1691676766/cs-stats

------------------ Dragonfly Dally Parameters ---------
	num_routers =            8
	local_bandwidth =        5.25
	global_bandwidth =       4.70
	cn_bandwidth =           16.00
	num_vcs =                4
	num_qos_levels =         1
	local_vc_size =          16384
	global_vc_size =         16384
	cn_vc_size =             32768
	chunk_size =             4096
	num_cn =                 4
	cn_radix =               4
	intra_grp_radix =        7
	num_groups =             33
	total_groups =           33
	virtual radix =          15
	total_routers =          264
	total_terminals =        1056
	num_global_channels =    4
	num_injection_queues =   1
	num_rails =              1
	num_planes =             1
	cn_delay =               238.42
	local_delay =            726.61
	global_delay =           811.64
	local credit_delay =     1.42
	global credit_delay =    1.42
	cn credit_delay =        1.42
	router_delay =           100.00
	routing =                PROG_ADAPTIVE
	adaptive_threshold =     0
	max hops notification =  2147483647
------------------------------------------------------


Average number of hops traversed 1.933333 average chunk latency 8.771942 us maximum chunk latency 546.182666 us avg message size 496096.156250 bytes finished messages 100800 finished chunks 12300600

ADAPTIVE ROUTING STATS: 12300600 chunks routed minimally 0 chunks routed non-minimally completed packets 12300600 

Total packets generated 12300600 finished 12300600 Locally routed- same router 820040 different-router 11480560 Remote (inter-group) 0 
