/home/ac.xwang/install/codes-storage-server/bin/client-mul-wklds --sync=1 --workload-conf-file=/home/ac.xwang/workspace/union+/conf/workload/cosmo.conf --rank-alloc-file=/home/ac.xwang/workspace/union+/conf/alloc/rand_node0-1d-1056-300p3.conf --codes-config=/home/ac.xwang/workspace/union+/conf/network/dally-1056-par.conf --lp-io-dir=rand_node0-cosmo --lp-io-use-suffix=1 

Thu Aug 10 00:21:05 2023

ROSS Version: v8.0.0-dirty

tw_net_start: Found world size to be 1 

300 instances of workload conceptual-cosmo 
NIC num injection port not specified, setting to 1
NIC seq delay not specified, setting to 10.000000
NIC num copy queues not specified, setting to 1
Dragonfly rail selection is 3
within node transfer per byte delay is 0.062500

Number of clients per server 15
My checkpoint sz 3333.333333 MiB
ROSS Core Configuration: 
	Total PEs                                                    1
	Total KPs                                          [Nodes (1) x KPs (16)] 16
	Total LPs                                                 2543
	Simulation End Time                                31536000000000000.00
	LP-to-PE Mapping                                   model defined


ROSS Event Memory Allocation:
	Model events                                            651009
	Network events                                              16
	Total events                                            651024

*** START SEQUENTIAL SIMULATION ***

Set num_servers per router 30, servers per injection queue per router 30, servers per node copy queue per node 1, num nics 32

Cosmo: Completed 5 iterations for comm size 300, Msg Size 7379200
*** END SIMULATION ***


	: Running Time = 1768.4319 seconds

TW Library Statistics:
	Total Events Processed                               487700499
	Events Aborted (part of RBs)                                 0
	Events Rolled Back                                           0
	Event Ties Detected in PE Queues                             0
	Efficiency                                              100.00 %
	Total Remote (shared mem) Events Processed                   0
	Percent Remote Events                                     0.00 %
	Total Remote (network) Events Processed                      0
	Percent Remote Events                                     0.00 %

	Total Roll Backs                                             0
	Primary Roll Backs                                           0
	Secondary Roll Backs                                         0
	Fossil Collect Attempts                                      0
	Total GVT Computations                                       0

	Net Events Processed                                 487700499
	Event Rate (events/sec)                               275781.3
	Total Events Scheduled Past End Time                         0

TW Memory Statistics:
	Events Allocated                                        651025
	Memory Allocated                                       1181209
	Memory Wasted                                              343

TW Data Structure sizes in bytes (sizeof):
	PE struct                                                 3888
	KP struct                                                  960
	LP struct                                                  960
	LP Model struct                                             96
	LP RNGs                                                     80
	Total LP                                                  1136
	Event struct                                               976
	Event struct with Model                                   1848

TW Clock Cycle Statistics (MAX values in secs at 1.0000 GHz):
	Initialization                                          2.6871
	Priority Queue (enq/deq)                              220.7948
	AVL Tree (insert/delete)                                0.0000
	LZ4 (de)compression                                     0.0000
	Buddy system                                            0.0000
	Event Processing                                        0.0000
	Event Cancel                                            0.0000
	Event Abort                                             0.0000

	GVT                                                     0.0000
	Fossil Collect                                          0.0000
	Primary Rollbacks                                       0.0000
	Network Read                                            0.0000
	Other Network                                           0.0000
	Instrumentation (computation)                           0.0000
	Instrumentation (write)                                 0.0000
	Total Time (Note: Using Running Time above for Speedup)   3705.1465

TW GVT Statistics: MPI AllReduce
	GVT Interval                                                16
	GVT Real Time Interval (cycles)                    0
	GVT Real Time Interval (sec)                        0.00000000
	Batch Size                                                  16

	Forced GVT                                                   0
	Total GVT Computations                                       0
	Total All Reduce Calls                                       0
	Average Reduction / GVT                                   -nan

 Maximum time spent by compute nodes 1665974867.102469 Maximum time spent in write operations 673368608.870666
 Avg time spent by compute nodes 1665919487.233230 Avg time spent in write operations 328902802.925283

 Synthetic traffic stats: data received per proc -nan 
 ----------

 Total bytes sent 88255232000 recvd 88255232000 
 max runtime 1665974867.102469 ns avg runtime 1650393382.196692 
 max comm time 1020974867.102469 avg comm time 1005393382.196692 
 max send time 301326990.858214 avg send time 194353903.728685 
 max recv time 257686285.800871 avg recv time 125213971.427093 
 max wait time 0.000000 avg wait time 0.000000 

 ----------
 Per App Max Elapsed Times:
	App 0: 1665974867.1025

 ----------
LP-IO: writing output to rand_node0-cosmo-6048-1691644865/
LP-IO: data files:
   rand_node0-cosmo-6048-1691644865/es-stats
   rand_node0-cosmo-6048-1691644865/dragonfly-cn-stats
   rand_node0-cosmo-6048-1691644865/dragonfly-link-stats
   rand_node0-cosmo-6048-1691644865/model-net-category-medium
   rand_node0-cosmo-6048-1691644865/model-net-category-codes-store
   rand_node0-cosmo-6048-1691644865/model-net-category-all
   rand_node0-cosmo-6048-1691644865/checkpoint-client-stats
   rand_node0-cosmo-6048-1691644865/mpi-replay-stats
   rand_node0-cosmo-6048-1691644865/resource
   rand_node0-cosmo-6048-1691644865/lsm-category-all
   rand_node0-cosmo-6048-1691644865/lsm-category-codes-store
   rand_node0-cosmo-6048-1691644865/cs-stats

------------------ Dragonfly Dally Parameters ---------
	num_routers =            8
	local_bandwidth =        5.25
	global_bandwidth =       4.70
	cn_bandwidth =           16.00
	num_vcs =                4
	num_qos_levels =         1
	local_vc_size =          16384
	global_vc_size =         16384
	cn_vc_size =             32768
	chunk_size =             4096
	num_cn =                 4
	cn_radix =               4
	intra_grp_radix =        7
	num_groups =             33
	total_groups =           33
	virtual radix =          15
	total_routers =          264
	total_terminals =        1056
	num_global_channels =    4
	num_injection_queues =   1
	num_rails =              1
	num_planes =             1
	cn_delay =               238.42
	local_delay =            726.61
	global_delay =           811.64
	local credit_delay =     1.42
	global credit_delay =    1.42
	cn credit_delay =        1.42
	router_delay =           100.00
	routing =                PROG_ADAPTIVE
	adaptive_threshold =     0
	max hops notification =  2147483647
------------------------------------------------------


Average number of hops traversed 4.772337 average chunk latency 15.623023 us maximum chunk latency 5243.167817 us avg message size 1980366.500000 bytes finished messages 50920 finished chunks 24658560

ADAPTIVE ROUTING STATS: 7606319 chunks routed minimally 17052241 chunks routed non-minimally completed packets 24658560 

Total packets generated 24658560 finished 24658560 Locally routed- same router 317960 different-router 3299370 Remote (inter-group) 21041230 
