/home/ac.xwang/install/codes-storage-server/bin/client-mul-wklds --sync=1 --workload-conf-file=/home/ac.xwang/workspace/union+/conf/workload/wkld2.conf --rank-alloc-file=/home/ac.xwang/workspace/union+/conf/alloc/rand_node0-1d-1056-mixwkld.conf --codes-config=/home/ac.xwang/workspace/union+/conf/network/dally-1056-par.conf --lp-io-dir=rand_node0-par-wkld2 --lp-io-use-suffix=1 

Thu Aug 10 01:12:40 2023

ROSS Version: v8.0.0-dirty

tw_net_start: Found world size to be 1 

300 instances of workload milc 

300 instances of workload conceptual-checkpoint 

300 instances of workload conceptual-cosmo 
NIC num injection port not specified, setting to 1
NIC seq delay not specified, setting to 10.000000
NIC num copy queues not specified, setting to 1
Dragonfly rail selection is 3
within node transfer per byte delay is 0.062500

Number of clients per server 15
My checkpoint sz 1111.111111 MiB
ROSS Core Configuration: 
	Total PEs                                                    1
	Total KPs                                          [Nodes (1) x KPs (16)] 16
	Total LPs                                                 2543
	Simulation End Time                                31536000000000000.00
	LP-to-PE Mapping                                   model defined


ROSS Event Memory Allocation:
	Model events                                            651009
	Network events                                              16
	Total events                                            651024

*** START SEQUENTIAL SIMULATION ***

Set num_servers per router 30, servers per injection queue per router 30, servers per node copy queue per node 1, num nics 32

Checkpoint: Completed 1 iterations for size 166666666, interval 100000000 ns

Cosmo: Completed 5 iterations for comm size 300, Msg Size 7379200
*** END SIMULATION ***


	: Running Time = 6357.6868 seconds

TW Library Statistics:
	Total Events Processed                              1878693772
	Events Aborted (part of RBs)                                 0
	Events Rolled Back                                           0
	Event Ties Detected in PE Queues                             0
	Efficiency                                              100.00 %
	Total Remote (shared mem) Events Processed                   0
	Percent Remote Events                                     0.00 %
	Total Remote (network) Events Processed                      0
	Percent Remote Events                                     0.00 %

	Total Roll Backs                                             0
	Primary Roll Backs                                           0
	Secondary Roll Backs                                         0
	Fossil Collect Attempts                                      0
	Total GVT Computations                                       0

	Net Events Processed                                1878693772
	Event Rate (events/sec)                               295499.6
	Total Events Scheduled Past End Time                         0

TW Memory Statistics:
	Events Allocated                                        651025
	Memory Allocated                                       1181209
	Memory Wasted                                              343

TW Data Structure sizes in bytes (sizeof):
	PE struct                                                 3888
	KP struct                                                  960
	LP struct                                                  960
	LP Model struct                                             96
	LP RNGs                                                     80
	Total LP                                                  1136
	Event struct                                               976
	Event struct with Model                                   1848

TW Clock Cycle Statistics (MAX values in secs at 1.0000 GHz):
	Initialization                                          3.0415
	Priority Queue (enq/deq)                             1027.7669
	AVL Tree (insert/delete)                                0.0000
	LZ4 (de)compression                                     0.0000
	Buddy system                                            0.0000
	Event Processing                                        0.0000
	Event Cancel                                            0.0000
	Event Abort                                             0.0000

	GVT                                                     0.0000
	Fossil Collect                                          0.0000
	Primary Rollbacks                                       0.0000
	Network Read                                            0.0000
	Other Network                                           0.0000
	Instrumentation (computation)                           0.0000
	Instrumentation (write)                                 0.0000
	Total Time (Note: Using Running Time above for Speedup)  13320.3780

TW GVT Statistics: MPI AllReduce
	GVT Interval                                                16
	GVT Real Time Interval (cycles)                    0
	GVT Real Time Interval (sec)                        0.00000000
	Batch Size                                                  16

	Forced GVT                                                   0
	Total GVT Computations                                       0
	Total All Reduce Calls                                       0
	Average Reduction / GVT                                   -nan

 Maximum time spent by compute nodes 3493757054.924515 Maximum time spent in write operations 3393756930.609107
 Avg time spent by compute nodes 3493757054.924462 Avg time spent in write operations 984161879.809233

 Synthetic traffic stats: data received per proc -nan 
 ----------

 Total bytes sent 327137369600 recvd 327137369600 
 max runtime 3493756932.192527 ns avg runtime 1612804513.038709 
 max comm time 3393756932.192527 avg comm time 1364469513.038710 
 max send time 1391316819.862587 avg send time 440708697.367730 
 max recv time 1259265226.890880 avg recv time 415886177.348443 
 max wait time 217528451.234065 avg wait time 67366346.164346 

 ----------
 Per App Max Elapsed Times:
	App 0: 243773289.0100
	App 1: 3493756932.1925
	App 2: 2332896486.5914

 ----------
LP-IO: writing output to rand_node0-par-wkld2-2669-1691647960/
LP-IO: data files:
   rand_node0-par-wkld2-2669-1691647960/es-stats
   rand_node0-par-wkld2-2669-1691647960/dragonfly-cn-stats
   rand_node0-par-wkld2-2669-1691647960/dragonfly-link-stats
   rand_node0-par-wkld2-2669-1691647960/model-net-category-medium
   rand_node0-par-wkld2-2669-1691647960/model-net-category-codes-store
   rand_node0-par-wkld2-2669-1691647960/model-net-category-all
   rand_node0-par-wkld2-2669-1691647960/checkpoint-client-stats
   rand_node0-par-wkld2-2669-1691647960/mpi-replay-stats
   rand_node0-par-wkld2-2669-1691647960/resource
   rand_node0-par-wkld2-2669-1691647960/lsm-category-all
   rand_node0-par-wkld2-2669-1691647960/lsm-category-codes-store
   rand_node0-par-wkld2-2669-1691647960/cs-stats

------------------ Dragonfly Dally Parameters ---------
	num_routers =            8
	local_bandwidth =        5.25
	global_bandwidth =       4.70
	cn_bandwidth =           16.00
	num_vcs =                4
	num_qos_levels =         1
	local_vc_size =          16384
	global_vc_size =         16384
	cn_vc_size =             32768
	chunk_size =             4096
	num_cn =                 4
	cn_radix =               4
	intra_grp_radix =        7
	num_groups =             33
	total_groups =           33
	virtual radix =          15
	total_routers =          264
	total_terminals =        1056
	num_global_channels =    4
	num_injection_queues =   1
	num_rails =              1
	num_planes =             1
	cn_delay =               238.42
	local_delay =            726.61
	global_delay =           811.64
	local credit_delay =     1.42
	global credit_delay =    1.42
	cn credit_delay =        1.42
	router_delay =           100.00
	routing =                PROG_ADAPTIVE
	adaptive_threshold =     0
	max hops notification =  2147483647
------------------------------------------------------


Average number of hops traversed 4.576854 average chunk latency 20.961899 us maximum chunk latency 5403.244879 us avg message size 368043.750000 bytes finished messages 1058920 finished chunks 95946360

ADAPTIVE ROUTING STATS: 36929336 chunks routed minimally 59017024 chunks routed non-minimally completed packets 95946360 

Total packets generated 95946360 finished 95946360 Locally routed- same router 1286400 different-router 16549530 Remote (inter-group) 78110430 
